<?xml version='1.0' encoding='UTF-8'?>
<testsuite hostname="laptop-aspire-vgomez" name="com.reactivebbq.orders.JsonContractTest" tests="3" errors="0" failures="0" skipped="0" time="0.554" timestamp="2023-02-10T10:56:40">
                     <properties>
[...]
</properties>
                     <testcase classname="com.reactivebbq.orders.JsonContractTest" name="Creating an Order should Adhere to the Json Contract" time="0.531">
                                                 
                                               </testcase><testcase classname="com.reactivebbq.orders.JsonContractTest" name="Retrieving the Order should Adhere to the Json Contract" time="0.01">
                                                 
                                               </testcase><testcase classname="com.reactivebbq.orders.JsonContractTest" name="Adding to an Order should Adhere to the Json Contract" time="0.013">
                                                 
                                               </testcase>
                     <system-out><![CDATA[]]></system-out>
                     <system-err><![CDATA[]]></system-err>
                   </testsuite>